<?xml version="1.0" encoding="UTF-8"?>
<testsuite xmlns:xsi="http://www.w3.org/2001/XMLSchema-instance" xsi:noNamespaceSchemaLocation="https://maven.apache.org/surefire/maven-surefire-plugin/xsd/surefire-test-report-3.0.xsd" version="3.0" name="org.craigslist.TestRunner.craigslistTestRunner" time="8.217" tests="3" errors="0" skipped="0" failures="1">
  <properties>
[...]
</properties>
  <testcase name="housing page ascending and descending" classname="Craigslist housing page sorting functionality validation" time="5.764">
    <system-out><![CDATA[
@Regression @TS01
Scenario: housing page ascending and descending # src/test/java/org/craigslist/FeatureFiles/HousingPage.feature:5
  Given User in craigslist Dublin webpage       # org.craigslist.StepDefination.HousingPage_StepDefinition.user_in_craigslist_dublin_webpage()
  When user navigates to housing page           # org.craigslist.StepDefination.HousingPage_StepDefinition.user_navigates_to_housing_page()
Webpage drop down values: [upcoming, newest, oldest, £ → £££, £££ → £]
  Then Sorting dropdown should have values      # org.craigslist.StepDefination.HousingPage_StepDefinition.sorting_dropdown_should_have_values()
Price list before sorting [2572, 1200]
Price list after manual sorting [1200, 2572]
Price list after sorting Asc: [1200, 2572]
Price list after sorting Dsc: [2572, 1200]
  And priceAsc priceDsc should work as expected # org.craigslist.StepDefination.HousingPage_StepDefinition.priceAsc_priceDsc_should_work_as_expected()
]]></system-out>
    <system-err><![CDATA[Starting ChromeDriver 106.0.5249.61 (511755355844955cd3e264779baf0dd38212a4d0-refs/branch-heads/5249@{#569}) on port 45041
Only local connections are allowed.
Please see https://chromedriver.chromium.org/security-considerations for suggestions on keeping ChromeDriver safe.
ChromeDriver was started successfully.
Oct 08, 2022 12:39:17 PM org.openqa.selenium.remote.ProtocolHandshake createSession
INFO: Detected dialect: W3C
]]></system-err>
  </testcase>
  <testcase name="housing page default sorting dropdown values" classname="Craigslist housing page sorting functionality validation" time="0.316">
    <failure message="expected:&lt;[newest, £ → £££, £££ → £]&gt; but was:&lt;[upcoming, newest, oldest, £ → £££, £££ → £]&gt;" type="java.lang.AssertionError"><![CDATA[java.lang.AssertionError: expected:<[newest, £ → £££, £££ → £]> but was:<[upcoming, newest, oldest, £ → £££, £££ → £]>
]]></failure>
    <system-out><![CDATA[
@Regression @TS02
Scenario: housing page default sorting dropdown values # src/test/java/org/craigslist/FeatureFiles/HousingPage.feature:12
Webpage drop down values: [upcoming, newest, oldest, £ → £££, £££ → £]
Test data  expected default drop down values : [newest, £ → £££, £££ → £]
Webpage actual default drop down values: [upcoming, newest, oldest, £ → £££, £££ → £]
  Then Sorting dropdown should have default values     # org.craigslist.StepDefination.HousingPage_StepDefinition.sorting_dropdown_should_have_default_values()
      java.lang.AssertionError: expected:<[newest, Â£ â†’ Â£Â£Â£, Â£Â£Â£ â†’ Â£]> but was:<[upcoming, newest, oldest, Â£ â†’ Â£Â£Â£, Â£Â£Â£ â†’ Â£]>
	at org.junit.Assert.fail(Assert.java:89)
	at org.junit.Assert.failNotEquals(Assert.java:835)
	at org.junit.Assert.assertEquals(Assert.java:120)
	at org.junit.Assert.assertEquals(Assert.java:146)
	at org.craigslist.PageObjects.Housingpage_PO.sortingDropdownDefaultValues(Housingpage_PO.java:92)
	at org.craigslist.StepDefination.HousingPage_StepDefinition.sorting_dropdown_should_have_default_values(HousingPage_StepDefinition.java:38)
	at âœ½.Sorting dropdown should have default values(file:///C:/workspace/craigslist-dublin-test/src/test/java/org/craigslist/FeatureFiles/HousingPage.feature:13)

]]></system-out>
  </testcase>
  <testcase name="housing page default sorting dropdown values after using search" classname="Craigslist housing page sorting functionality validation" time="1.455">
    <system-out><![CDATA[
@Regression @TS03
Scenario: housing page default sorting dropdown values after using search # src/test/java/org/craigslist/FeatureFiles/HousingPage.feature:16
Webpage drop down values: [upcoming, newest, oldest, relevant, £ → £££, £££ → £]
Test data expected Search drop down values: [upcoming, newest, oldest, relevant, £ → £££, £££ → £]
Webpage actual Search drop down values: [upcoming, newest, oldest, relevant, £ → £££, £££ → £]
  Then Sorting dropdown should have additional values after search        # org.craigslist.StepDefination.HousingPage_StepDefinition.sorting_dropdown_should_have_additional_values_after_search()
]]></system-out>
  </testcase>
</testsuite>